The target system is: Generic - 3.6.99 - arm
The host system is: Darwin - 23.5.0 - x86_64
Compiling the C compiler identification source file "CMakeCCompilerId.c" succeeded.
Compiler: /opt/nordic/ncs/toolchains/580e4ef81c/opt/zephyr-sdk/arm-zephyr-eabi/bin/arm-zephyr-eabi-gcc 
Build flags: 
Id flags: -c 

The output was:
0


Compilation of the C compiler identification source "CMakeCCompilerId.c" produced "CMakeCCompilerId.o"

The C compiler identification is GNU, found in "/Users/franciscoheleno/Library/CloudStorage/OneDrive-UniversidadedeAveiro/Faculdade/5ANO/5ANO_S_2/SETR/P/Lab12_14/SETR_Lab12_14_Assignment4/build/CMakeFiles/3.21.0/CompilerIdC/CMakeCCompilerId.o"

Compiling the CXX compiler identification source file "CMakeCXXCompilerId.cpp" succeeded.
Compiler: /opt/nordic/ncs/toolchains/580e4ef81c/opt/zephyr-sdk/arm-zephyr-eabi/bin/arm-zephyr-eabi-g++ 
Build flags: 
Id flags: -c 

The output was:
0


Compilation of the CXX compiler identification source "CMakeCXXCompilerId.cpp" produced "CMakeCXXCompilerId.o"

The CXX compiler identification is GNU, found in "/Users/franciscoheleno/Library/CloudStorage/OneDrive-UniversidadedeAveiro/Faculdade/5ANO/5ANO_S_2/SETR/P/Lab12_14/SETR_Lab12_14_Assignment4/build/CMakeFiles/3.21.0/CompilerIdCXX/CMakeCXXCompilerId.o"

Checking whether the ASM compiler is GNU using "--version" matched "(GNU assembler)|(GCC)|(Free Software Foundation)":
arm-zephyr-eabi-gcc (Zephyr SDK 0.16.5) 12.2.0
Copyright (C) 2022 Free Software Foundation, Inc.
This is free software; see the source for copying conditions.  There is NO
warranty; not even for MERCHANTABILITY or FITNESS FOR A PARTICULAR PURPOSE.

Performing C SOURCE FILE Test check_fmacro_prefix_map__Users_franciscoheleno_Library_CloudStorage_OneDrive_UniversidadedeAveiro_Faculdade_5ANO_5ANO_S_2_SETR_P_Lab12_14_SETR_Lab12_14_Assignment4_CMAKE_SOURCE_DIR_C__nostartfiles__nostdlib__isystem___opt_nordic_ncs_toolchains_580e4ef81c_opt_zephyr_sdk_arm_zephyr_eabi_bin____lib_gcc_arm_zephyr_eabi_12_2_0_include___isystem___opt_nordic_ncs_toolchains_580e4ef81c_opt_zephyr_sdk_arm_zephyr_eabi_bin____lib_gcc_arm_zephyr_eabi_12_2_0_include_fixed___Wl___unresolved_symbols_ignore_in_object_files__Wl___entry_0 succeeded with the following output:
Change Dir: /Users/franciscoheleno/Library/CloudStorage/OneDrive-UniversidadedeAveiro/Faculdade/5ANO/5ANO_S_2/SETR/P/Lab12_14/SETR_Lab12_14_Assignment4/build/CMakeFiles/CMakeTmp

Run Build Command(s):/opt/nordic/ncs/toolchains/580e4ef81c/bin/ninja cmTC_06f33 && [1/2] Building C object CMakeFiles/cmTC_06f33.dir/src.c.obj
[2/2] Linking C executable cmTC_06f33


Source file was:
int main(void) { return 0; }
